<?xml version="1.0" encoding="UTF-8"?>
<!-- Generated by org.testng.reporters.JUnitReportReporter -->
<testsuite hostname="EC2AMAZ-S11DBRH" failures="0" tests="1" name="testScripts.PlaceOrderTest" time="0.839" errors="0" timestamp="2023-07-20T07:43:04 GMT" skipped="0">
  <testcase classname="testScripts.PlaceOrderTest" name="PlaceOrder" time="0.839"/>
  <system-out/>
</testsuite> <!-- testScripts.PlaceOrderTest -->
