<?xml version="1.0" encoding="UTF-8"?>
<!-- Generated by org.testng.reporters.JUnitReportReporter -->
<testsuite hostname="EC2AMAZ-S11DBRH" failures="0" tests="4" name="parallelScript.SampleTestNG_classThree" time="0.025" errors="0" timestamp="2023-07-18T07:45:21 GMT" skipped="0">
  <testcase classname="parallelScript.SampleTestNG_classThree" name="testThree" time="0.004"/>
  <system-out/>
  <testcase classname="parallelScript.SampleTestNG_classThree" name="testOne" time="0.003"/>
  <system-out/>
  <testcase classname="parallelScript.SampleTestNG_classThree" name="testFour" time="0.012"/>
  <system-out/>
  <testcase classname="parallelScript.SampleTestNG_classThree" name="testTwo" time="0.006"/>
  <system-out/>
</testsuite> <!-- parallelScript.SampleTestNG_classThree -->
