<?xml version="1.0" encoding="UTF-8"?>
<!-- Generated by org.testng.reporters.JUnitReportReporter -->
<testsuite hostname="EC2AMAZ-S11DBRH" failures="0" tests="1" name="testScripts.PlaceOrderPage" time="0.238" errors="0" timestamp="2023-07-20T07:31:46 GMT" skipped="0">
  <testcase classname="testScripts.PlaceOrderPage" name="PlaceOrder" time="0.238"/>
  <system-out/>
</testsuite> <!-- testScripts.PlaceOrderPage -->
