<?xml version="1.0" encoding="UTF-8"?>
<!-- Generated by org.testng.reporters.JUnitReportReporter -->
<testsuite hostname="EC2AMAZ-S11DBRH" failures="0" tests="3" name="parallelScript.SampleTestNG_classOne" time="0.022" errors="0" timestamp="2023-07-18T07:45:21 GMT" skipped="0">
  <testcase classname="parallelScript.SampleTestNG_classOne" name="testThree" time="0.003"/>
  <system-out/>
  <testcase classname="parallelScript.SampleTestNG_classOne" name="testTwo" time="0.007"/>
  <system-out/>
  <testcase classname="parallelScript.SampleTestNG_classOne" name="testOne" time="0.012"/>
  <system-out/>
</testsuite> <!-- parallelScript.SampleTestNG_classOne -->
