<?xml version="1.0" encoding="UTF-8"?>
<!-- Generated by org.testng.reporters.JUnitReportReporter -->
<testsuite hostname="EC2AMAZ-S11DBRH" failures="0" tests="1" name="testScripts.SampleTest" time="8.236" errors="0" timestamp="2023-07-18T05:41:31 GMT" skipped="0">
  <testcase classname="testScripts.SampleTest" name="CypressTutorial_search" time="8.236"/>
  <system-out/>
</testsuite> <!-- testScripts.SampleTest -->
