<?xml version="1.0" encoding="UTF-8"?>
<!-- Generated by org.testng.reporters.JUnitReportReporter -->
<testsuite hostname="EC2AMAZ-S11DBRH" failures="0" tests="3" name="testScripts.SampleTestNG_classOne" time="0.022" errors="0" timestamp="2023-07-18T07:07:44 GMT" skipped="0">
  <testcase classname="testScripts.SampleTestNG_classOne" name="testOne" time="0.014"/>
  <system-out/>
  <testcase classname="testScripts.SampleTestNG_classOne" name="testThree" time="0.004"/>
  <system-out/>
  <testcase classname="testScripts.SampleTestNG_classOne" name="testTwo" time="0.004"/>
  <system-out/>
</testsuite> <!-- testScripts.SampleTestNG_classOne -->
