<?xml version="1.0" encoding="UTF-8"?>
<!-- Generated by org.testng.reporters.JUnitReportReporter -->
<testsuite hostname="EC2AMAZ-S11DBRH" failures="0" tests="3" name="testScripts.SampleTestNG_classTwo" time="0.018" errors="0" timestamp="2023-07-18T07:08:37 GMT" skipped="0">
  <testcase classname="testScripts.SampleTestNG_classTwo" name="testFour" time="0.002"/>
  <system-out/>
  <testcase classname="testScripts.SampleTestNG_classTwo" name="testFive" time="0.011"/>
  <system-out/>
  <testcase classname="testScripts.SampleTestNG_classTwo" name="testSix" time="0.005"/>
  <system-out/>
</testsuite> <!-- testScripts.SampleTestNG_classTwo -->
