<?xml version="1.0" encoding="UTF-8"?>
<!-- Generated by org.testng.reporters.JUnitReportReporter -->
<testsuite hostname="EC2AMAZ-S11DBRH" failures="0" tests="2" name="testScripts.GoogleSearch" time="8.265" errors="0" timestamp="2023-07-18T05:44:38 GMT" skipped="0">
  <testcase classname="testScripts.GoogleSearch" name="SeleniumTutorial_Search" time="3.406"/>
  <system-out/>
  <testcase classname="testScripts.GoogleSearch" name="JavaTutorial_Search" time="4.859"/>
  <system-out/>
</testsuite> <!-- testScripts.GoogleSearch -->
